# JRE version: OpenJDK Runtime Environment Temurin-17.0.2+8 (17.0.2+8) (build 17.0.2+8)
# Java VM: OpenJDK 64-Bit Server VM Temurin-17.0.2+8 (17.0.2+8, mixed mode, tiered, compressed oops, compressed class ptrs, parallel gc, linux-amd64)
GC Precious Log:
 CPUs: 12 total, 12 available
 Memory: 15835M
 Large Page Support: Disabled
 NUMA Support: Disabled
 Compressed Oops: Enabled (32-bit)
 Alignments: Space 512K, Generation 512K, Heap 2M
 Heap Min Capacity: 100M
 Heap Initial Capacity: 100M
 Heap Max Capacity: 2G
 Pre-touch: Disabled
 Parallel Workers: 10
Heap:
 PSYoungGen      total 10240K, used 9904K [0x00000000d5580000, 0x00000000d6100000, 0x0000000100000000)
  eden space 8704K, 100% used [0x00000000d5580000,0x00000000d5e00000,0x00000000d5e00000)
  from space 1536K, 78% used [0x00000000d5e80000,0x00000000d5fac010,0x00000000d6000000)
  to   space 1024K, 30% used [0x00000000d6000000,0x00000000d604e900,0x00000000d6100000)
 ParOldGen       total 263680K, used 224347K [0x0000000080000000, 0x0000000090180000, 0x00000000d5580000)
  object space 263680K, 85% used [0x0000000080000000,0x000000008db16f00,0x0000000090180000)
 Metaspace       used 104085K, committed 105984K, reserved 1146880K
  class space    used 9949K, committed 10624K, reserved 1048576K
GC Heap History (20 events):
Event: 65339,417 GC heap after
{Heap after GC invocations=43163 (full 1128):
 PSYoungGen      total 13824K, used 1344K [0x00000000d5580000, 0x00000000d6480000, 0x0000000100000000)
  eden space 12288K, 0% used [0x00000000d5580000,0x00000000d5580000,0x00000000d6180000)
  from space 1536K, 87% used [0x00000000d6300000,0x00000000d6450020,0x00000000d6480000)
  to   space 1536K, 0% used [0x00000000d6180000,0x00000000d6180000,0x00000000d6300000)
 ParOldGen       total 263680K, used 213723K [0x0000000080000000, 0x0000000090180000, 0x00000000d5580000)
  object space 263680K, 81% used [0x0000000080000000,0x000000008d0b6fe0,0x0000000090180000)
 Metaspace       used 104083K, committed 105984K, reserved 1146880K
  class space    used 9949K, committed 10624K, reserved 1048576K
}
Event: 65339,442 GC heap before
{Heap before GC invocations=43164 (full 1128):
 PSYoungGen      total 13824K, used 13632K [0x00000000d5580000, 0x00000000d6480000, 0x0000000100000000)
  eden space 12288K, 100% used [0x00000000d5580000,0x00000000d6180000,0x00000000d6180000)
  from space 1536K, 87% used [0x00000000d6300000,0x00000000d6450020,0x00000000d6480000)
  to   space 1536K, 0% used [0x00000000d6180000,0x00000000d6180000,0x00000000d6300000)
 ParOldGen       total 263680K, used 213723K [0x0000000080000000, 0x0000000090180000, 0x00000000d5580000)
  object space 263680K, 81% used [0x0000000080000000,0x000000008d0b6fe0,0x0000000090180000)
 Metaspace       used 104083K, committed 105984K, reserved 1146880K
  class space    used 9949K, committed 10624K, reserved 1048576K
}
Event: 65339,444 GC heap after
{Heap after GC invocations=43164 (full 1128):
 PSYoungGen      total 13824K, used 992K [0x00000000d5580000, 0x00000000d6480000, 0x0000000100000000)
  eden space 12288K, 0% used [0x00000000d5580000,0x00000000d5580000,0x00000000d6180000)
  from space 1536K, 64% used [0x00000000d6180000,0x00000000d6278000,0x00000000d6300000)
  to   space 1536K, 0% used [0x00000000d6300000,0x00000000d6300000,0x00000000d6480000)
 ParOldGen       total 263680K, used 214910K [0x0000000080000000, 0x0000000090180000, 0x00000000d5580000)
  object space 263680K, 81% used [0x0000000080000000,0x000000008d1df940,0x0000000090180000)
 Metaspace       used 104083K, committed 105984K, reserved 1146880K
  class space    used 9949K, committed 10624K, reserved 1048576K
}
Event: 65339,509 GC heap before
{Heap before GC invocations=43165 (full 1128):
 PSYoungGen      total 13824K, used 13280K [0x00000000d5580000, 0x00000000d6480000, 0x0000000100000000)
  eden space 12288K, 100% used [0x00000000d5580000,0x00000000d6180000,0x00000000d6180000)
  from space 1536K, 64% used [0x00000000d6180000,0x00000000d6278000,0x00000000d6300000)
  to   space 1536K, 0% used [0x00000000d6300000,0x00000000d6300000,0x00000000d6480000)
 ParOldGen       total 263680K, used 214910K [0x0000000080000000, 0x0000000090180000, 0x00000000d5580000)
  object space 263680K, 81% used [0x0000000080000000,0x000000008d1df940,0x0000000090180000)
 Metaspace       used 104083K, committed 105984K, reserved 1146880K
  class space    used 9949K, committed 10624K, reserved 1048576K
}
Event: 65339,511 GC heap after
{Heap after GC invocations=43165 (full 1128):
 PSYoungGen      total 13312K, used 608K [0x00000000d5580000, 0x00000000d6400000, 0x0000000100000000)
  eden space 12288K, 0% used [0x00000000d5580000,0x00000000d5580000,0x00000000d6180000)
  from space 1024K, 59% used [0x00000000d6300000,0x00000000d6398000,0x00000000d6400000)
  to   space 1024K, 0% used [0x00000000d6200000,0x00000000d6200000,0x00000000d6300000)
 ParOldGen       total 263680K, used 215844K [0x0000000080000000, 0x0000000090180000, 0x00000000d5580000)
  object space 263680K, 81% used [0x0000000080000000,0x000000008d2c9270,0x0000000090180000)
 Metaspace       used 104083K, committed 105984K, reserved 1146880K
  class space    used 9949K, committed 10624K, reserved 1048576K
}
Event: 65339,522 GC heap before
{Heap before GC invocations=43166 (full 1128):
 PSYoungGen      total 13312K, used 12896K [0x00000000d5580000, 0x00000000d6400000, 0x0000000100000000)
  eden space 12288K, 100% used [0x00000000d5580000,0x00000000d6180000,0x00000000d6180000)
  from space 1024K, 59% used [0x00000000d6300000,0x00000000d6398000,0x00000000d6400000)
  to   space 1024K, 0% used [0x00000000d6200000,0x00000000d6200000,0x00000000d6300000)
 ParOldGen       total 263680K, used 215844K [0x0000000080000000, 0x0000000090180000, 0x00000000d5580000)
  object space 263680K, 81% used [0x0000000080000000,0x000000008d2c9270,0x0000000090180000)
 Metaspace       used 104083K, committed 105984K, reserved 1146880K
  class space    used 9949K, committed 10624K, reserved 1048576K
}
Event: 65339,522 GC heap after
{Heap after GC invocations=43166 (full 1128):
 PSYoungGen      total 13312K, used 916K [0x00000000d5580000, 0x00000000d6380000, 0x0000000100000000)
  eden space 12288K, 0% used [0x00000000d5580000,0x00000000d5580000,0x00000000d6180000)
  from space 1024K, 89% used [0x00000000d6200000,0x00000000d62e5200,0x00000000d6300000)
  to   space 512K, 0% used [0x00000000d6300000,0x00000000d6300000,0x00000000d6380000)
 ParOldGen       total 263680K, used 216044K [0x0000000080000000, 0x0000000090180000, 0x00000000d5580000)
  object space 263680K, 81% used [0x0000000080000000,0x000000008d2fb270,0x0000000090180000)
 Metaspace       used 104083K, committed 105984K, reserved 1146880K
  class space    used 9949K, committed 10624K, reserved 1048576K
}
Event: 65339,531 GC heap before
{Heap before GC invocations=43167 (full 1128):
 PSYoungGen      total 13312K, used 13204K [0x00000000d5580000, 0x00000000d6380000, 0x0000000100000000)
  eden space 12288K, 100% used [0x00000000d5580000,0x00000000d6180000,0x00000000d6180000)
  from space 1024K, 89% used [0x00000000d6200000,0x00000000d62e5200,0x00000000d6300000)
  to   space 512K, 0% used [0x00000000d6300000,0x00000000d6300000,0x00000000d6380000)
 ParOldGen       total 263680K, used 216044K [0x0000000080000000, 0x0000000090180000, 0x00000000d5580000)
  object space 263680K, 81% used [0x0000000080000000,0x000000008d2fb270,0x0000000090180000)
 Metaspace       used 104085K, committed 105984K, reserved 1146880K
  class space    used 9949K, committed 10624K, reserved 1048576K
}
Event: 65339,532 GC heap after
{Heap after GC invocations=43167 (full 1128):
 PSYoungGen      total 9216K, used 510K [0x00000000d5580000, 0x00000000d6b80000, 0x0000000100000000)
  eden space 8704K, 0% used [0x00000000d5580000,0x00000000d5580000,0x00000000d5e00000)
  from space 512K, 99% used [0x00000000d6300000,0x00000000d637fab0,0x00000000d6380000)
  to   space 5120K, 0% used [0x00000000d5e00000,0x00000000d5e00000,0x00000000d6300000)
 ParOldGen       total 263680K, used 219896K [0x0000000080000000, 0x0000000090180000, 0x00000000d5580000)
  object space 263680K, 83% used [0x0000000080000000,0x000000008d6be1b0,0x0000000090180000)
 Metaspace       used 104085K, committed 105984K, reserved 1146880K
  class space    used 9949K, committed 10624K, reserved 1048576K
}
Event: 65339,551 GC heap before
{Heap before GC invocations=43168 (full 1128):
 PSYoungGen      total 9216K, used 9214K [0x00000000d5580000, 0x00000000d6b80000, 0x0000000100000000)
  eden space 8704K, 100% used [0x00000000d5580000,0x00000000d5e00000,0x00000000d5e00000)
  from space 512K, 99% used [0x00000000d6300000,0x00000000d637fab0,0x00000000d6380000)
  to   space 5120K, 0% used [0x00000000d5e00000,0x00000000d5e00000,0x00000000d6300000)
 ParOldGen       total 263680K, used 219896K [0x0000000080000000, 0x0000000090180000, 0x00000000d5580000)
  object space 263680K, 83% used [0x0000000080000000,0x000000008d6be1b0,0x0000000090180000)
 Metaspace       used 104085K, committed 105984K, reserved 1146880K
  class space    used 9949K, committed 10624K, reserved 1048576K
}
Event: 65339,552 GC heap after
{Heap after GC invocations=43168 (full 1128):
 PSYoungGen      total 10240K, used 1498K [0x00000000d5580000, 0x00000000d6380000, 0x0000000100000000)
  eden space 8704K, 0% used [0x00000000d5580000,0x00000000d5580000,0x00000000d5e00000)
  from space 1536K, 97% used [0x00000000d5e00000,0x00000000d5f76900,0x00000000d5f80000)
  to   space 2560K, 0% used [0x00000000d6100000,0x00000000d6100000,0x00000000d6380000)
 ParOldGen       total 263680K, used 220234K [0x0000000080000000, 0x0000000090180000, 0x00000000d5580000)
  object space 263680K, 83% used [0x0000000080000000,0x000000008d712ab0,0x0000000090180000)
 Metaspace       used 104085K, committed 105984K, reserved 1146880K
  class space    used 9949K, committed 10624K, reserved 1048576K
}
Event: 65339,556 GC heap before
{Heap before GC invocations=43169 (full 1128):
 PSYoungGen      total 10240K, used 10202K [0x00000000d5580000, 0x00000000d6380000, 0x0000000100000000)
  eden space 8704K, 100% used [0x00000000d5580000,0x00000000d5e00000,0x00000000d5e00000)
  from space 1536K, 97% used [0x00000000d5e00000,0x00000000d5f76900,0x00000000d5f80000)
  to   space 2560K, 0% used [0x00000000d6100000,0x00000000d6100000,0x00000000d6380000)
 ParOldGen       total 263680K, used 220234K [0x0000000080000000, 0x0000000090180000, 0x00000000d5580000)
  object space 263680K, 83% used [0x0000000080000000,0x000000008d712ab0,0x0000000090180000)
 Metaspace       used 104085K, committed 105984K, reserved 1146880K
  class space    used 9949K, committed 10624K, reserved 1048576K
}
Event: 65339,557 GC heap after
{Heap after GC invocations=43169 (full 1128):
 PSYoungGen      total 9216K, used 480K [0x00000000d5580000, 0x00000000d6180000, 0x0000000100000000)
  eden space 8704K, 0% used [0x00000000d5580000,0x00000000d5580000,0x00000000d5e00000)
  from space 512K, 93% used [0x00000000d6100000,0x00000000d6178000,0x00000000d6180000)
  to   space 1536K, 0% used [0x00000000d5e80000,0x00000000d5e80000,0x00000000d6000000)
 ParOldGen       total 263680K, used 221669K [0x0000000080000000, 0x0000000090180000, 0x00000000d5580000)
  object space 263680K, 84% used [0x0000000080000000,0x000000008d879408,0x0000000090180000)
 Metaspace       used 104085K, committed 105984K, reserved 1146880K
  class space    used 9949K, committed 10624K, reserved 1048576K
}
Event: 65339,568 GC heap before
{Heap before GC invocations=43170 (full 1128):
 PSYoungGen      total 9216K, used 9184K [0x00000000d5580000, 0x00000000d6180000, 0x0000000100000000)
  eden space 8704K, 100% used [0x00000000d5580000,0x00000000d5e00000,0x00000000d5e00000)
  from space 512K, 93% used [0x00000000d6100000,0x00000000d6178000,0x00000000d6180000)
  to   space 1536K, 0% used [0x00000000d5e80000,0x00000000d5e80000,0x00000000d6000000)
 ParOldGen       total 263680K, used 221669K [0x0000000080000000, 0x0000000090180000, 0x00000000d5580000)
  object space 263680K, 84% used [0x0000000080000000,0x000000008d879408,0x0000000090180000)
 Metaspace       used 104085K, committed 105984K, reserved 1146880K
  class space    used 9949K, committed 10624K, reserved 1048576K
}
Event: 65339,570 GC heap after
{Heap after GC invocations=43170 (full 1128):
 PSYoungGen      total 10240K, used 1520K [0x00000000d5580000, 0x00000000d6300000, 0x0000000100000000)
  eden space 8704K, 0% used [0x00000000d5580000,0x00000000d5580000,0x00000000d5e00000)
  from space 1536K, 98% used [0x00000000d5e80000,0x00000000d5ffc010,0x00000000d6000000)
  to   space 2560K, 0% used [0x00000000d6080000,0x00000000d6080000,0x00000000d6300000)
 ParOldGen       total 263680K, used 222077K [0x0000000080000000, 0x0000000090180000, 0x00000000d5580000)
  object space 263680K, 84% used [0x0000000080000000,0x000000008d8df428,0x0000000090180000)
 Metaspace       used 104085K, committed 105984K, reserved 1146880K
  class space    used 9949K, committed 10624K, reserved 1048576K
}
Event: 65339,575 GC heap before
{Heap before GC invocations=43171 (full 1128):
 PSYoungGen      total 10240K, used 10224K [0x00000000d5580000, 0x00000000d6300000, 0x0000000100000000)
  eden space 8704K, 100% used [0x00000000d5580000,0x00000000d5e00000,0x00000000d5e00000)
  from space 1536K, 98% used [0x00000000d5e80000,0x00000000d5ffc010,0x00000000d6000000)
  to   space 2560K, 0% used [0x00000000d6080000,0x00000000d6080000,0x00000000d6300000)
 ParOldGen       total 263680K, used 222077K [0x0000000080000000, 0x0000000090180000, 0x00000000d5580000)
  object space 263680K, 84% used [0x0000000080000000,0x000000008d8df428,0x0000000090180000)
 Metaspace       used 104085K, committed 105984K, reserved 1146880K
  class space    used 9949K, committed 10624K, reserved 1048576K
}
Event: 65339,576 GC heap after
{Heap after GC invocations=43171 (full 1128):
 PSYoungGen      total 9728K, used 800K [0x00000000d5580000, 0x00000000d6180000, 0x0000000100000000)
  eden space 8704K, 0% used [0x00000000d5580000,0x00000000d5580000,0x00000000d5e00000)
  from space 1024K, 78% used [0x00000000d6080000,0x00000000d6148020,0x00000000d6180000)
  to   space 1536K, 0% used [0x00000000d5e80000,0x00000000d5e80000,0x00000000d6000000)
 ParOldGen       total 263680K, used 223541K [0x0000000080000000, 0x0000000090180000, 0x00000000d5580000)
  object space 263680K, 84% used [0x0000000080000000,0x000000008da4d740,0x0000000090180000)
 Metaspace       used 104085K, committed 105984K, reserved 1146880K
  class space    used 9949K, committed 10624K, reserved 1048576K
}
Event: 65339,586 GC heap before
{Heap before GC invocations=43172 (full 1128):
 PSYoungGen      total 9728K, used 9504K [0x00000000d5580000, 0x00000000d6180000, 0x0000000100000000)
  eden space 8704K, 99% used [0x00000000d5580000,0x00000000d5dffff0,0x00000000d5e00000)
  from space 1024K, 78% used [0x00000000d6080000,0x00000000d6148020,0x00000000d6180000)
  to   space 1536K, 0% used [0x00000000d5e80000,0x00000000d5e80000,0x00000000d6000000)
 ParOldGen       total 263680K, used 223541K [0x0000000080000000, 0x0000000090180000, 0x00000000d5580000)
  object space 263680K, 84% used [0x0000000080000000,0x000000008da4d740,0x0000000090180000)
 Metaspace       used 104085K, committed 105984K, reserved 1146880K
  class space    used 9949K, committed 10624K, reserved 1048576K
}
Event: 65339,587 GC heap after
{Heap after GC invocations=43172 (full 1128):
 PSYoungGen      total 10240K, used 1200K [0x00000000d5580000, 0x00000000d6100000, 0x0000000100000000)
  eden space 8704K, 0% used [0x00000000d5580000,0x00000000d5580000,0x00000000d5e00000)
  from space 1536K, 78% used [0x00000000d5e80000,0x00000000d5fac010,0x00000000d6000000)
  to   space 1024K, 0% used [0x00000000d6000000,0x00000000d6000000,0x00000000d6100000)
 ParOldGen       total 263680K, used 224149K [0x0000000080000000, 0x0000000090180000, 0x00000000d5580000)
  object space 263680K, 85% used [0x0000000080000000,0x000000008dae5780,0x0000000090180000)
 Metaspace       used 104085K, committed 105984K, reserved 1146880K
  class space    used 9949K, committed 10624K, reserved 1048576K
}
Event: 65341,627 GC heap before
{Heap before GC invocations=43173 (full 1128):
 PSYoungGen      total 10240K, used 9904K [0x00000000d5580000, 0x00000000d6100000, 0x0000000100000000)
  eden space 8704K, 100% used [0x00000000d5580000,0x00000000d5e00000,0x00000000d5e00000)
  from space 1536K, 78% used [0x00000000d5e80000,0x00000000d5fac010,0x00000000d6000000)
  to   space 1024K, 0% used [0x00000000d6000000,0x00000000d6000000,0x00000000d6100000)
 ParOldGen       total 263680K, used 224149K [0x0000000080000000, 0x0000000090180000, 0x00000000d5580000)
  object space 263680K, 85% used [0x0000000080000000,0x000000008dae5780,0x0000000090180000)
 Metaspace       used 104085K, committed 105984K, reserved 1146880K
  class space    used 9949K, committed 10624K, reserved 1048576K
}

